<?xml version="1.0" encoding="utf-8"?><testsuites name="pytest tests"><testsuite name="pytest" errors="0" failures="0" skipped="0" tests="28" time="2.553" timestamp="2026-05-23T12:32:02.766300+00:00" hostname="agent-env-a88580c2-61ff-4911-93a2-b2239fbc01e1"><testcase classname="backend.tests.test_rivan_backend" name="test_send_otp_invalid_phone" time="0.231" /><testcase classname="backend.tests.test_rivan_backend" name="test_verify_otp_invalid" time="0.097" /><testcase classname="backend.tests.test_rivan_backend" name="test_me" time="0.145" /><testcase classname="backend.tests.test_rivan_backend" name="test_me_unauth" time="0.046" /><testcase classname="backend.tests.test_rivan_backend" name="test_properties_list" time="0.049" /><testcase classname="backend.tests.test_rivan_backend" name="test_properties_filter_category" time="0.047" /><testcase classname="backend.tests.test_rivan_backend" name="test_properties_search" time="0.048" /><testcase classname="backend.tests.test_rivan_backend" name="test_featured" time="0.050" /><testcase classname="backend.tests.test_rivan_backend" name="test_property_plots" time="0.050" /><testcase classname="backend.tests.test_rivan_backend" name="test_get_plot" time="0.057" /><testcase classname="backend.tests.test_rivan_backend" name="test_myland" time="0.050" /><testcase classname="backend.tests.test_rivan_backend" name="test_payments_summary" time="0.054" /><testcase classname="backend.tests.test_rivan_backend" name="test_payments_installments" time="0.049" /><testcase classname="backend.tests.test_rivan_backend" name="test_payments_history" time="0.048" /><testcase classname="backend.tests.test_rivan_backend" name="test_documents" time="0.049" /><testcase classname="backend.tests.test_rivan_backend" name="test_services_catalog" time="0.048" /><testcase classname="backend.tests.test_rivan_backend" name="test_centres" time="0.048" /><testcase classname="backend.tests.test_rivan_backend" name="test_service_request" time="0.075" /><testcase classname="backend.tests.test_rivan_backend" name="test_visit_centre" time="0.073" /><testcase classname="backend.tests.test_rivan_backend" name="test_visit_site" time="0.054" /><testcase classname="backend.tests.test_rivan_backend" name="test_wishlist_toggle" time="0.120" /><testcase classname="backend.tests.test_rivan_backend" name="test_notifications" time="0.048" /><testcase classname="backend.tests.test_rivan_backend" name="test_booking_create" time="0.169" /><testcase classname="backend.tests.test_rivan_backend" name="test_admin_stats" time="0.144" /><testcase classname="backend.tests.test_rivan_backend" name="test_admin_bookings" time="0.051" /><testcase classname="backend.tests.test_rivan_backend" name="test_admin_requires_admin" time="0.048" /><testcase classname="backend.tests.test_rivan_backend" name="test_protected_endpoints_require_auth" time="0.251" /><testcase classname="backend.tests.test_rivan_backend" name="test_pay_installment" time="0.116" /></testsuite></testsuites>